Using pre-set license
Built from '2021.1/staging' branch; Version is '2021.1.26f1 (6f076387c01d) revision 7276387'; Using compiler version '192528614'; Build Type 'Release'
OS: 'Windows 10 Home Single Language; OS build 19045.2251; Version 2009; 64bit' Language: 'es' Physical Memory: 12139 MB
BatchMode: 1, IsHumanControllingUs: 0, StartBugReporterOnCrash: 0, Is64bit: 1, IsPro: 0

COMMAND LINE ARGUMENTS:
D:\Program Files\2021.1.26f1\Editor\Unity.exe
-adb2
-batchMode
-noUpm
-name
AssetImportWorker0
-projectPath
D:/Escuela/Alejandra - Uni/Uniat - Diseños/GitHub/Motores-Exam-3erP
-logFile
Logs/AssetImportWorker0.log
-srvPort
59750
Successfully changed project path to: D:/Escuela/Alejandra - Uni/Uniat - Diseños/GitHub/Motores-Exam-3erP
D:/Escuela/Alejandra - Uni/Uniat - Diseños/GitHub/Motores-Exam-3erP
Using Asset Import Pipeline V2.
Refreshing native plugins compatible for Editor in 96.39 ms, found 3 plugins.
Preloading 0 native plugins for Editor in 0.00 ms.
Initialize engine version: 2021.1.26f1 (6f076387c01d)
[Subsystems] Discovering subsystems at path D:/Program Files/2021.1.26f1/Editor/Data/Resources/UnitySubsystems
[Subsystems] Discovering subsystems at path D:/Escuela/Alejandra - Uni/Uniat - Diseños/GitHub/Motores-Exam-3erP/Assets
GfxDevice: creating device client; threaded=0; jobified=0
Direct3D:
    Version:  Direct3D 11.0 [level 11.0]
    Renderer: NVIDIA GeForce MX110 (ID=0x174e)
    Vendor:   NVIDIA
    VRAM:     2010 MB
    Driver:   27.21.14.6259
Initialize mono
Mono path[0] = 'D:/Program Files/2021.1.26f1/Editor/Data/Managed'
Mono path[1] = 'D:/Program Files/2021.1.26f1/Editor/Data/MonoBleedingEdge/lib/mono/unityjit'
Mono config path = 'D:/Program Files/2021.1.26f1/Editor/Data/MonoBleedingEdge/etc'
Using monoOptions --debugger-agent=transport=dt_socket,embedding=1,server=y,suspend=n,address=127.0.0.1:56004
Begin MonoManager ReloadAssembly
Registering precompiled unity dll's ...
Register platform support module: D:/Program Files/2021.1.26f1/Editor/Data/PlaybackEngines/WindowsStandaloneSupport/UnityEditor.WindowsStandalone.Extensions.dll
Registered in 0.001470 seconds.
Native extension for WindowsStandalone target not found
Refreshing native plugins compatible for Editor in 98.25 ms, found 3 plugins.
Preloading 0 native plugins for Editor in 0.00 ms.
Mono: successfully reloaded assembly
- Completed reload, in  2.973 seconds
Domain Reload Profiling:
	ReloadAssembly (2973ms)
		BeginReloadAssembly (90ms)
			ExecutionOrderSort (0ms)
			DisableScriptedObjects (0ms)
			BackupInstance (0ms)
			ReleaseScriptingObjects (0ms)
			CreateAndSetChildDomain (1ms)
		EndReloadAssembly (596ms)
			LoadAssemblies (90ms)
			RebuildTransferFunctionScriptingTraits (0ms)
			SetupTypeCache (204ms)
			ReleaseScriptCaches (0ms)
			RebuildScriptCaches (47ms)
			SetupLoadedEditorAssemblies (293ms)
				LogAssemblyErrors (0ms)
				InitializePlatformSupportModulesInManaged (9ms)
				SetLoadedEditorAssemblies (0ms)
				RefreshPlugins (98ms)
				BeforeProcessingInitializeOnLoad (1ms)
				ProcessInitializeOnLoadAttributes (148ms)
				ProcessInitializeOnLoadMethodAttributes (36ms)
				AfterProcessingInitializeOnLoad (0ms)
				EditorAssembliesLoaded (0ms)
			ExecutionOrderSort2 (0ms)
			AwakeInstancesAfterBackupRestoration (0ms)
Platform modules already initialized, skipping
Registering precompiled user dll's ...
Registered in 0.006745 seconds.
Begin MonoManager ReloadAssembly
Symbol file LoadedFromMemory doesn't match image D:\Escuela\Alejandra - Uni\Uniat - Diseños\GitHub\Motores-Exam-3erP\Library\PackageCache\com.unity.visualscripting@1.6.1\Editor\VisualScripting.Core\Dependencies\YamlDotNet\Unity.VisualScripting.YamlDotNet.dll
Symbol file LoadedFromMemory doesn't match image D:\Escuela\Alejandra - Uni\Uniat - Diseños\GitHub\Motores-Exam-3erP\Library\PackageCache\com.unity.visualscripting@1.6.1\Editor\VisualScripting.Core\Dependencies\DotNetZip\Unity.VisualScripting.IonicZip.dll
Native extension for WindowsStandalone target not found
Refreshing native plugins compatible for Editor in 0.85 ms, found 3 plugins.
Preloading 0 native plugins for Editor in 0.00 ms.
Mono: successfully reloaded assembly
- Completed reload, in  1.764 seconds
Domain Reload Profiling:
	ReloadAssembly (1765ms)
		BeginReloadAssembly (207ms)
			ExecutionOrderSort (0ms)
			DisableScriptedObjects (5ms)
			BackupInstance (0ms)
			ReleaseScriptingObjects (0ms)
			CreateAndSetChildDomain (22ms)
		EndReloadAssembly (1489ms)
			LoadAssemblies (345ms)
			RebuildTransferFunctionScriptingTraits (0ms)
			SetupTypeCache (500ms)
			ReleaseScriptCaches (1ms)
			RebuildScriptCaches (70ms)
			SetupLoadedEditorAssemblies (447ms)
				LogAssemblyErrors (0ms)
				InitializePlatformSupportModulesInManaged (6ms)
				SetLoadedEditorAssemblies (0ms)
				RefreshPlugins (1ms)
				BeforeProcessingInitializeOnLoad (90ms)
				ProcessInitializeOnLoadAttributes (332ms)
				ProcessInitializeOnLoadMethodAttributes (12ms)
				AfterProcessingInitializeOnLoad (5ms)
				EditorAssembliesLoaded (0ms)
			ExecutionOrderSort2 (0ms)
			AwakeInstancesAfterBackupRestoration (10ms)
Platform modules already initialized, skipping
========================================================================
Worker process is ready to serve import requests
Launched and connected shader compiler UnityShaderCompiler.exe after 0.09 seconds
Refreshing native plugins compatible for Editor in 0.83 ms, found 3 plugins.
Preloading 0 native plugins for Editor in 0.00 ms.
Unloading 3101 Unused Serialized files (Serialized files now loaded: 0)
System memory in use before: 127.3 MB.
System memory in use after: 127.5 MB.

Unloading 23 unused Assets to reduce memory usage. Loaded Objects now: 3572.
Total: 3.718600 ms (FindLiveObjects: 0.254200 ms CreateObjectMapping: 0.205800 ms MarkObjects: 3.180500 ms  DeleteObjects: 0.076900 ms)

AssetImportParameters requested are different than current active one (requested -> active):
  custom:framework-win-MediaFoundation: 216162199b28c13a410421893ffa2e32 -> 
  custom:video-decoder-ogg-theora: a1e56fd34408186e4bbccfd4996cb3dc -> 
  custom:container-muxer-webm: aa71ff27fc2769a1b78a27578f13a17b -> 
  custom:container-demuxer-webm: 4f35f7cbe854078d1ac9338744f61a02 -> 
  custom:container-demuxer-ogg: 62fdf1f143b41e24485cea50d1cbac27 -> 
  custom:video-encoder-webm-vp8: eb34c28f22e8b96e1ab97ce403110664 -> 
  custom:video-decoder-webm-vp8: 9c59270c3fd7afecdb556c50c9e8de78 -> 
  custom:audio-decoder-ogg-vorbis: bf7c407c2cedff20999df2af8eb42d56 -> 
  custom:audio-encoder-webm-vorbis: bf7c407c2cedff20999df2af8eb42d56 -> 
========================================================================
Received Import Request.
  path: Assets/Character Animations/Ch22_nonPBR@Idle.fbx
  artifactKey: Guid(0186f3ee95c264d469e8ee33151f1d4f) Importer(815301076,1909f56bfc062723c751e8b465ee728b)
Start importing Assets/Character Animations/Ch22_nonPBR@Idle.fbx using Guid(0186f3ee95c264d469e8ee33151f1d4f) Importer(815301076,1909f56bfc062723c751e8b465ee728b)  -> (artifact id: '978611ec090172fd3dd1ec35f0a1309c') in 0.562207 seconds 
========================================================================
Received Import Request.
  Time since last request: 0.000341 seconds.
  path: Assets/Character Animations
  artifactKey: Guid(3bb082b43334f4e4e881a7852fc99b64) Importer(815301076,1909f56bfc062723c751e8b465ee728b)
Start importing Assets/Character Animations using Guid(3bb082b43334f4e4e881a7852fc99b64) Importer(815301076,1909f56bfc062723c751e8b465ee728b)  -> (artifact id: 'a7e66ce0bb754ff717804b400a0cc0da') in 0.002676 seconds 
========================================================================
Received Import Request.
  Time since last request: 1.770796 seconds.
  path: Assets/Character Animations/Ch22_nonPBR@Standing Torch Walk Forward.fbx
  artifactKey: Guid(d0617a97ed188604db45678ec8803928) Importer(815301076,1909f56bfc062723c751e8b465ee728b)
Start importing Assets/Character Animations/Ch22_nonPBR@Standing Torch Walk Forward.fbx using Guid(d0617a97ed188604db45678ec8803928) Importer(815301076,1909f56bfc062723c751e8b465ee728b)  -> (artifact id: 'ab4e3b0bc54641a3d261bffe7061f864') in 0.092269 seconds 
========================================================================
Received Import Request.
  Time since last request: 12.697497 seconds.
  path: Assets/Character Animations/Ch22_nonPBR@Standing Torch Walk Forward.fbx
  artifactKey: Guid(d0617a97ed188604db45678ec8803928) Importer(815301076,1909f56bfc062723c751e8b465ee728b)
Start importing Assets/Character Animations/Ch22_nonPBR@Standing Torch Walk Forward.fbx using Guid(d0617a97ed188604db45678ec8803928) Importer(815301076,1909f56bfc062723c751e8b465ee728b)  -> (artifact id: '1326f3f0ccec9e41772c714baee5d0e6') in 0.083562 seconds 
========================================================================
Received Import Request.
  Time since last request: 5.832491 seconds.
  path: Assets/Character Animations/Standing Torch Walk Forward.anim
  artifactKey: Guid(7f70b7ced06f80c43af37c8d9174bfac) Importer(815301076,1909f56bfc062723c751e8b465ee728b)
Start importing Assets/Character Animations/Standing Torch Walk Forward.anim using Guid(7f70b7ced06f80c43af37c8d9174bfac) Importer(815301076,1909f56bfc062723c751e8b465ee728b)  -> (artifact id: 'dcede81a24931cb8c18015dddc5015f8') in 0.022375 seconds 
========================================================================
Received Import Request.
  Time since last request: 9.847489 seconds.
  path: Assets/Scenes/Menu.unity
  artifactKey: Guid(e26a0d533e9e1f14ba04eb20cbb3a089) Importer(815301076,1909f56bfc062723c751e8b465ee728b)
Start importing Assets/Scenes/Menu.unity using Guid(e26a0d533e9e1f14ba04eb20cbb3a089) Importer(815301076,1909f56bfc062723c751e8b465ee728b)  -> (artifact id: 'f73f7e3b092f4d34c045b6557183bb09') in 0.004347 seconds 
========================================================================
Received Import Request.
  Time since last request: 1.312643 seconds.
  path: Assets/Scenes/Mapa.unity
  artifactKey: Guid(9fc0d4010bbf28b4594072e72b8655ab) Importer(815301076,1909f56bfc062723c751e8b465ee728b)
Start importing Assets/Scenes/Mapa.unity using Guid(9fc0d4010bbf28b4594072e72b8655ab) Importer(815301076,1909f56bfc062723c751e8b465ee728b)  -> (artifact id: 'ebfc4f30db4f5c96910ff1708b7a1e6d') in 0.003094 seconds 
========================================================================
Received Import Request.
  Time since last request: 35.686596 seconds.
  path: Assets/Codes/PlayerMovement.cs
  artifactKey: Guid(10bd7ef423e13c0458163724a26b8abe) Importer(815301076,1909f56bfc062723c751e8b465ee728b)
Start importing Assets/Codes/PlayerMovement.cs using Guid(10bd7ef423e13c0458163724a26b8abe) Importer(815301076,1909f56bfc062723c751e8b465ee728b)  -> (artifact id: '41aba530540914456d73222f52a25b1a') in 0.010914 seconds 
========================================================================
Received Prepare
Registering precompiled user dll's ...
Registered in 0.006646 seconds.
Begin MonoManager ReloadAssembly
Symbol file LoadedFromMemory doesn't match image D:\Escuela\Alejandra - Uni\Uniat - Diseños\GitHub\Motores-Exam-3erP\Library\PackageCache\com.unity.visualscripting@1.6.1\Editor\VisualScripting.Core\Dependencies\YamlDotNet\Unity.VisualScripting.YamlDotNet.dll
Symbol file LoadedFromMemory doesn't match image D:\Escuela\Alejandra - Uni\Uniat - Diseños\GitHub\Motores-Exam-3erP\Library\PackageCache\com.unity.visualscripting@1.6.1\Editor\VisualScripting.Core\Dependencies\DotNetZip\Unity.VisualScripting.IonicZip.dll
Native extension for WindowsStandalone target not found
Refreshing native plugins compatible for Editor in 0.82 ms, found 3 plugins.
Preloading 0 native plugins for Editor in 0.00 ms.
Mono: successfully reloaded assembly
- Completed reload, in  1.212 seconds
Domain Reload Profiling:
	ReloadAssembly (1212ms)
		BeginReloadAssembly (157ms)
			ExecutionOrderSort (0ms)
			DisableScriptedObjects (5ms)
			BackupInstance (0ms)
			ReleaseScriptingObjects (0ms)
			CreateAndSetChildDomain (44ms)
		EndReloadAssembly (985ms)
			LoadAssemblies (140ms)
			RebuildTransferFunctionScriptingTraits (0ms)
			SetupTypeCache (392ms)
			ReleaseScriptCaches (1ms)
			RebuildScriptCaches (48ms)
			SetupLoadedEditorAssemblies (336ms)
				LogAssemblyErrors (0ms)
				InitializePlatformSupportModulesInManaged (5ms)
				SetLoadedEditorAssemblies (1ms)
				RefreshPlugins (1ms)
				BeforeProcessingInitializeOnLoad (61ms)
				ProcessInitializeOnLoadAttributes (256ms)
				ProcessInitializeOnLoadMethodAttributes (11ms)
				AfterProcessingInitializeOnLoad (2ms)
				EditorAssembliesLoaded (0ms)
			ExecutionOrderSort2 (0ms)
			AwakeInstancesAfterBackupRestoration (8ms)
Platform modules already initialized, skipping
Refreshing native plugins compatible for Editor in 0.65 ms, found 3 plugins.
Preloading 0 native plugins for Editor in 0.00 ms.
Unloading 3082 Unused Serialized files (Serialized files now loaded: 0)
System memory in use before: 141.8 MB.
System memory in use after: 142.1 MB.

Unloading 18 unused Assets to reduce memory usage. Loaded Objects now: 3618.
Total: 3.525700 ms (FindLiveObjects: 0.262700 ms CreateObjectMapping: 0.149700 ms MarkObjects: 3.091200 ms  DeleteObjects: 0.021200 ms)

AssetImportParameters requested are different than current active one (requested -> active):
  custom:framework-win-MediaFoundation: 216162199b28c13a410421893ffa2e32 -> 
  custom:video-decoder-ogg-theora: a1e56fd34408186e4bbccfd4996cb3dc -> 
  custom:container-muxer-webm: aa71ff27fc2769a1b78a27578f13a17b -> 
  custom:container-demuxer-webm: 4f35f7cbe854078d1ac9338744f61a02 -> 
  custom:container-demuxer-ogg: 62fdf1f143b41e24485cea50d1cbac27 -> 
  custom:video-encoder-webm-vp8: eb34c28f22e8b96e1ab97ce403110664 -> 
  custom:video-decoder-webm-vp8: 9c59270c3fd7afecdb556c50c9e8de78 -> 
  custom:audio-decoder-ogg-vorbis: bf7c407c2cedff20999df2af8eb42d56 -> 
  custom:audio-encoder-webm-vorbis: bf7c407c2cedff20999df2af8eb42d56 -> 
========================================================================
Received Import Request.
  Time since last request: 63.344629 seconds.
  path: Assets/Character Animations/Player.controller
  artifactKey: Guid(381f7410c8717dc45b599ce4d8af0274) Importer(815301076,1909f56bfc062723c751e8b465ee728b)
Start importing Assets/Character Animations/Player.controller using Guid(381f7410c8717dc45b599ce4d8af0274) Importer(815301076,1909f56bfc062723c751e8b465ee728b)  -> (artifact id: '3b45effec673d1f80ddefc57ca4d93c0') in 0.017784 seconds 
